<?xml version="1.0" encoding="UTF-8"?>
<testng-results ignored="0" total="1" passed="1" failed="0" skipped="0">
  <reporter-output>
  </reporter-output>
  <suite started-at="2024-11-15T09:59:28 IST" name="Default suite" finished-at="2024-11-15T09:59:28 IST" duration-ms="48">
    <groups>
    </groups>
    <test started-at="2024-11-15T09:59:28 IST" name="Default test" finished-at="2024-11-15T09:59:28 IST" duration-ms="48">
      <class name="sample.practice1">
        <test-method signature="Sample()[pri:0, instance:sample.practice1@51e69659]" started-at="2024-11-15T09:59:28 IST" name="Sample" finished-at="2024-11-15T09:59:28 IST" duration-ms="12" status="PASS">
          <reporter-output>
          </reporter-output>
        </test-method> <!-- Sample -->
      </class> <!-- sample.practice1 -->
    </test> <!-- Default test -->
  </suite> <!-- Default suite -->
</testng-results>
